
   FAIL  Tests\Feature\AuthTest
  â¨¯ user login                                                           0.07s  
  â¨¯ user logout
  â¨¯ user update profile
  â¨¯ user delete acc
  â”€â”€â”€â”€â”€â”€â”€â”€â”€â”€â”€â”€â”€â”€â”€â”€â”€â”€â”€â”€â”€â”€â”€â”€â”€â”€â”€â”€â”€â”€â”€â”€â”€â”€â”€â”€â”€â”€â”€â”€â”€â”€â”€â”€â”€â”€â”€â”€â”€â”€â”€â”€â”€â”€â”€â”€â”€â”€â”€â”€â”€â”€â”€â”€â”€â”€â”€â”€â”€â”€â”€â”€â”€â”€â”€â”€  
   FAILED  Tests\Feature\AuthTest > user login         BadMethodCallException   
  Call to undefined method App\Models\User::factory()

  at vendor/laravel/framework/src/Illuminate/Support/Traits/ForwardsCalls.php:67
     63â–•      * @throws \BadMethodCallException
     64â–•      */
     65â–•     protected static function throwBadMethodCallException($method)
     66â–•     {
  âžœ  67â–•         throw new BadMethodCallException(sprintf(
     68â–•             'Call to undefined method %s::%s()', static::class, $method
     69â–•         ));
     70â–•     }
     71â–• }

      [2m+4 vendor frames [22m
  5   tests/Feature/AuthTest.php:16

  â”€â”€â”€â”€â”€â”€â”€â”€â”€â”€â”€â”€â”€â”€â”€â”€â”€â”€â”€â”€â”€â”€â”€â”€â”€â”€â”€â”€â”€â”€â”€â”€â”€â”€â”€â”€â”€â”€â”€â”€â”€â”€â”€â”€â”€â”€â”€â”€â”€â”€â”€â”€â”€â”€â”€â”€â”€â”€â”€â”€â”€â”€â”€â”€â”€â”€â”€â”€â”€â”€â”€â”€â”€â”€â”€â”€  
   FAILED  Tests\Feature\AuthTest > user logout        BadMethodCallException   
  Call to undefined method App\Models\User::factory()

  at vendor/laravel/framework/src/Illuminate/Support/Traits/ForwardsCalls.php:67
     63â–•      * @throws \BadMethodCallException
     64â–•      */
     65â–•     protected static function throwBadMethodCallException($method)
     66â–•     {
  âžœ  67â–•         throw new BadMethodCallException(sprintf(
     68â–•             'Call to undefined method %s::%s()', static::class, $method
     69â–•         ));
     70â–•     }
     71â–• }

      [2m+4 vendor frames [22m
  5   tests/Feature/AuthTest.php:28

  â”€â”€â”€â”€â”€â”€â”€â”€â”€â”€â”€â”€â”€â”€â”€â”€â”€â”€â”€â”€â”€â”€â”€â”€â”€â”€â”€â”€â”€â”€â”€â”€â”€â”€â”€â”€â”€â”€â”€â”€â”€â”€â”€â”€â”€â”€â”€â”€â”€â”€â”€â”€â”€â”€â”€â”€â”€â”€â”€â”€â”€â”€â”€â”€â”€â”€â”€â”€â”€â”€â”€â”€â”€â”€â”€â”€  
   FAILED  Tests\Feature\AuthTest > user update profâ€¦  BadMethodCallException   
  Call to undefined method App\Models\User::factory()

  at vendor/laravel/framework/src/Illuminate/Support/Traits/ForwardsCalls.php:67
     63â–•      * @throws \BadMethodCallException
     64â–•      */
     65â–•     protected static function throwBadMethodCallException($method)
     66â–•     {
  âžœ  67â–•         throw new BadMethodCallException(sprintf(
     68â–•             'Call to undefined method %s::%s()', static::class, $method
     69â–•         ));
     70â–•     }
     71â–• }

      [2m+4 vendor frames [22m
  5   tests/Feature/AuthTest.php:39

  â”€â”€â”€â”€â”€â”€â”€â”€â”€â”€â”€â”€â”€â”€â”€â”€â”€â”€â”€â”€â”€â”€â”€â”€â”€â”€â”€â”€â”€â”€â”€â”€â”€â”€â”€â”€â”€â”€â”€â”€â”€â”€â”€â”€â”€â”€â”€â”€â”€â”€â”€â”€â”€â”€â”€â”€â”€â”€â”€â”€â”€â”€â”€â”€â”€â”€â”€â”€â”€â”€â”€â”€â”€â”€â”€â”€  
   FAILED  Tests\Feature\AuthTest > user delete acc    BadMethodCallException   
  Call to undefined method App\Models\User::factory()

  at vendor/laravel/framework/src/Illuminate/Support/Traits/ForwardsCalls.php:67
     63â–•      * @throws \BadMethodCallException
     64â–•      */
     65â–•     protected static function throwBadMethodCallException($method)
     66â–•     {
  âžœ  67â–•         throw new BadMethodCallException(sprintf(
     68â–•             'Call to undefined method %s::%s()', static::class, $method
     69â–•         ));
     70â–•     }
     71â–• }

      [2m+4 vendor frames [22m
  5   tests/Feature/AuthTest.php:52


  Tests:    4 failed (0 assertions)
  Duration: 0.11s

