
   PASS  Tests\Unit\ExampleTest
  âœ“ that true is true

   PASS  Tests\Feature\GenreModelTest
  âœ“ create genres                                                        0.08s  

   FAIL  Tests\Feature\Auth\AuthenticationTest
  â¨¯ login screen can be rendered                                         0.02s  
  â¨¯ users can authenticate using the login screen                        0.01s  
  âœ“ users can not authenticate with invalid password
  â¨¯ users can logout

   FAIL  Tests\Feature\Auth\EmailVerificationTest
  â¨¯ email verification screen can be rendered
  â¨¯ email can be verified
  â¨¯ email is not verified with invalid hash

   FAIL  Tests\Feature\Auth\PasswordConfirmationTest
  â¨¯ confirm password screen can be rendered
  â¨¯ password can be confirmed
  â¨¯ password is not confirmed with invalid password

   FAIL  Tests\Feature\Auth\PasswordResetTest
  â¨¯ reset password link screen can be rendered
  â¨¯ reset password link can be requested
  â¨¯ reset password screen can be rendered
  â¨¯ password can be reset with valid token

   FAIL  Tests\Feature\Auth\PasswordUpdateTest
  â¨¯ password can be updated
  â¨¯ correct password must be provided to update password

   FAIL  Tests\Feature\Auth\RegistrationTest
  â¨¯ registration screen can be rendered
  â¨¯ new users can register

   FAIL  Tests\Feature\ExampleTest
  â¨¯ the application returns a successful response                        0.10s  

   FAIL  Tests\Feature\GenreTest
  âœ“ get all genres
  â¨¯ unath denied

   FAIL  Tests\Feature\ProfileTest
  â¨¯ profile page is displayed
  â¨¯ profile information can be updated
  â¨¯ email verification status is unchanged when the email address is unchanged
  â¨¯ user can delete their account
  â¨¯ correct password must be provided to delete account
  â”€â”€â”€â”€â”€â”€â”€â”€â”€â”€â”€â”€â”€â”€â”€â”€â”€â”€â”€â”€â”€â”€â”€â”€â”€â”€â”€â”€â”€â”€â”€â”€â”€â”€â”€â”€â”€â”€â”€â”€â”€â”€â”€â”€â”€â”€â”€â”€â”€â”€â”€â”€â”€â”€â”€â”€â”€â”€â”€â”€â”€â”€â”€â”€â”€â”€â”€â”€â”€â”€â”€â”€â”€â”€â”€â”€  
   FAILED  Tests\Feature\Auth\AuthenticationTest > login screen can be rendeâ€¦   
  Expected response status code [200] but received 404.
Failed asserting that 404 is identical to 200.

  at tests/Feature/Auth/AuthenticationTest.php:17
     13â–•     public function test_login_screen_can_be_rendered(): void
     14â–•     {
     15â–•         $response = $this->get('/login');
     16â–• 
  âœ  17â–•         $response->assertStatus(200);
     18â–•     }
     19â–• 
     20â–•     public function test_users_can_authenticate_using_the_login_screen(): void
     21â–•     {

  â”€â”€â”€â”€â”€â”€â”€â”€â”€â”€â”€â”€â”€â”€â”€â”€â”€â”€â”€â”€â”€â”€â”€â”€â”€â”€â”€â”€â”€â”€â”€â”€â”€â”€â”€â”€â”€â”€â”€â”€â”€â”€â”€â”€â”€â”€â”€â”€â”€â”€â”€â”€â”€â”€â”€â”€â”€â”€â”€â”€â”€â”€â”€â”€â”€â”€â”€â”€â”€â”€â”€â”€â”€â”€â”€â”€  
   FAILED  Tests\Feature\Auth\AuthenticationTest > users can authenticate usâ€¦   
  The user is not authenticated
Failed asserting that false is true.

  at tests/Feature/Auth/AuthenticationTest.php:29
     25â–•             'email' => $user->email,
     26â–•             'password' => 'password',
     27â–•         ]);
     28â–• 
  âœ  29â–•         $this->assertAuthenticated();
     30â–•         $response->assertRedirect(route('dashboard', absolute: false));
     31â–•     }
     32â–• 
     33â–•     public function test_users_can_not_authenticate_with_invalid_password(): void

  â”€â”€â”€â”€â”€â”€â”€â”€â”€â”€â”€â”€â”€â”€â”€â”€â”€â”€â”€â”€â”€â”€â”€â”€â”€â”€â”€â”€â”€â”€â”€â”€â”€â”€â”€â”€â”€â”€â”€â”€â”€â”€â”€â”€â”€â”€â”€â”€â”€â”€â”€â”€â”€â”€â”€â”€â”€â”€â”€â”€â”€â”€â”€â”€â”€â”€â”€â”€â”€â”€â”€â”€â”€â”€â”€â”€  
   FAILED  Tests\Feature\Auth\AuthenticationTest > users can logout             
  The user is authenticated
Failed asserting that true is false.

  at tests/Feature/Auth/AuthenticationTest.php:51
     47â–•         $user = User::factory()->create();
     48â–• 
     49â–•         $response = $this->actingAs($user)->post('/logout');
     50â–• 
  âœ  51â–•         $this->assertGuest();
     52â–•         $response->assertRedirect('/');
     53â–•     }
     54â–• }
     55â–•

  â”€â”€â”€â”€â”€â”€â”€â”€â”€â”€â”€â”€â”€â”€â”€â”€â”€â”€â”€â”€â”€â”€â”€â”€â”€â”€â”€â”€â”€â”€â”€â”€â”€â”€â”€â”€â”€â”€â”€â”€â”€â”€â”€â”€â”€â”€â”€â”€â”€â”€â”€â”€â”€â”€â”€â”€â”€â”€â”€â”€â”€â”€â”€â”€â”€â”€â”€â”€â”€â”€â”€â”€â”€â”€â”€â”€  
   FAILED  Tests\Feature\Auth\EmailVerificationTest > email verification scrâ€¦   
  Expected response status code [200] but received 404.
Failed asserting that 404 is identical to 200.

  at tests/Feature/Auth/EmailVerificationTest.php:22
     18â–•         $user = User::factory()->unverified()->create();
     19â–• 
     20â–•         $response = $this->actingAs($user)->get('/verify-email');
     21â–• 
  âœ  22â–•         $response->assertStatus(200);
     23â–•     }
     24â–• 
     25â–•     public function test_email_can_be_verified(): void
     26â–•     {

  â”€â”€â”€â”€â”€â”€â”€â”€â”€â”€â”€â”€â”€â”€â”€â”€â”€â”€â”€â”€â”€â”€â”€â”€â”€â”€â”€â”€â”€â”€â”€â”€â”€â”€â”€â”€â”€â”€â”€â”€â”€â”€â”€â”€â”€â”€â”€â”€â”€â”€â”€â”€â”€â”€â”€â”€â”€â”€â”€â”€â”€â”€â”€â”€â”€â”€â”€â”€â”€â”€â”€â”€â”€â”€â”€â”€  
   FAILED  Tests\Feature\Auth\EmailVerificationTestâ€¦   RouteNotFoundException   
  Route [verification.verify] not defined.

  at vendor/laravel/framework/src/Illuminate/Routing/UrlGenerator.php:517
    513â–•             ! is_null($url = call_user_func($this->missingNamedRouteResolver, $name, $parameters, $absolute))) {
    514â–•             return $url;
    515â–•         }
    516â–• 
  âœ 517â–•         throw new RouteNotFoundException("Route [{$name}] not defined.");
    518â–•     }
    519â–• 
    520â–•     /**
    521â–•      * Get the URL for a given route instance.

      [2m+4 vendor frames [22m
  5   tests/Feature/Auth/EmailVerificationTest.php:31

  â”€â”€â”€â”€â”€â”€â”€â”€â”€â”€â”€â”€â”€â”€â”€â”€â”€â”€â”€â”€â”€â”€â”€â”€â”€â”€â”€â”€â”€â”€â”€â”€â”€â”€â”€â”€â”€â”€â”€â”€â”€â”€â”€â”€â”€â”€â”€â”€â”€â”€â”€â”€â”€â”€â”€â”€â”€â”€â”€â”€â”€â”€â”€â”€â”€â”€â”€â”€â”€â”€â”€â”€â”€â”€â”€â”€  
   FAILED  Tests\Feature\Auth\EmailVerificationTestâ€¦   RouteNotFoundException   
  Route [verification.verify] not defined.

  at vendor/laravel/framework/src/Illuminate/Routing/UrlGenerator.php:517
    513â–•             ! is_null($url = call_user_func($this->missingNamedRouteResolver, $name, $parameters, $absolute))) {
    514â–•             return $url;
    515â–•         }
    516â–• 
  âœ 517â–•         throw new RouteNotFoundException("Route [{$name}] not defined.");
    518â–•     }
    519â–• 
    520â–•     /**
    521â–•      * Get the URL for a given route instance.

      [2m+4 vendor frames [22m
  5   tests/Feature/Auth/EmailVerificationTest.php:48

  â”€â”€â”€â”€â”€â”€â”€â”€â”€â”€â”€â”€â”€â”€â”€â”€â”€â”€â”€â”€â”€â”€â”€â”€â”€â”€â”€â”€â”€â”€â”€â”€â”€â”€â”€â”€â”€â”€â”€â”€â”€â”€â”€â”€â”€â”€â”€â”€â”€â”€â”€â”€â”€â”€â”€â”€â”€â”€â”€â”€â”€â”€â”€â”€â”€â”€â”€â”€â”€â”€â”€â”€â”€â”€â”€â”€  
   FAILED  Tests\Feature\Auth\PasswordConfirmationTest > confirm password scâ€¦   
  Expected response status code [200] but received 404.
Failed asserting that 404 is identical to 200.

  at tests/Feature/Auth/PasswordConfirmationTest.php:19
     15â–•         $user = User::factory()->create();
     16â–• 
     17â–•         $response = $this->actingAs($user)->get('/confirm-password');
     18â–• 
  âœ  19â–•         $response->assertStatus(200);
     20â–•     }
     21â–• 
     22â–•     public function test_password_can_be_confirmed(): void
     23â–•     {

  â”€â”€â”€â”€â”€â”€â”€â”€â”€â”€â”€â”€â”€â”€â”€â”€â”€â”€â”€â”€â”€â”€â”€â”€â”€â”€â”€â”€â”€â”€â”€â”€â”€â”€â”€â”€â”€â”€â”€â”€â”€â”€â”€â”€â”€â”€â”€â”€â”€â”€â”€â”€â”€â”€â”€â”€â”€â”€â”€â”€â”€â”€â”€â”€â”€â”€â”€â”€â”€â”€â”€â”€â”€â”€â”€â”€  
   FAILED  Tests\Feature\Auth\PasswordConfirmationTest > password can be conâ€¦   
  Expected response status code [201, 301, 302, 303, 307, 308] but received 404.
Failed asserting that false is true.

  at tests/Feature/Auth/PasswordConfirmationTest.php:30
     26â–•         $response = $this->actingAs($user)->post('/confirm-password', [
     27â–•             'password' => 'password',
     28â–•         ]);
     29â–• 
  âœ  30â–•         $response->assertRedirect();
     31â–•         $response->assertSessionHasNoErrors();
     32â–•     }
     33â–• 
     34â–•     public function test_password_is_not_confirmed_with_invalid_password(): void

  â”€â”€â”€â”€â”€â”€â”€â”€â”€â”€â”€â”€â”€â”€â”€â”€â”€â”€â”€â”€â”€â”€â”€â”€â”€â”€â”€â”€â”€â”€â”€â”€â”€â”€â”€â”€â”€â”€â”€â”€â”€â”€â”€â”€â”€â”€â”€â”€â”€â”€â”€â”€â”€â”€â”€â”€â”€â”€â”€â”€â”€â”€â”€â”€â”€â”€â”€â”€â”€â”€â”€â”€â”€â”€â”€â”€  
   FAILED  Tests\Feature\Auth\PasswordConfirmationTest > password is not conâ€¦   
  Session is missing expected key [errors].
Failed asserting that false is true.

  at tests/Feature/Auth/PasswordConfirmationTest.php:42
     38â–•         $response = $this->actingAs($user)->post('/confirm-password', [
     39â–•             'password' => 'wrong-password',
     40â–•         ]);
     41â–• 
  âœ  42â–•         $response->assertSessionHasErrors();
     43â–•     }
     44â–• }
     45â–•

  â”€â”€â”€â”€â”€â”€â”€â”€â”€â”€â”€â”€â”€â”€â”€â”€â”€â”€â”€â”€â”€â”€â”€â”€â”€â”€â”€â”€â”€â”€â”€â”€â”€â”€â”€â”€â”€â”€â”€â”€â”€â”€â”€â”€â”€â”€â”€â”€â”€â”€â”€â”€â”€â”€â”€â”€â”€â”€â”€â”€â”€â”€â”€â”€â”€â”€â”€â”€â”€â”€â”€â”€â”€â”€â”€â”€  
   FAILED  Tests\Feature\Auth\PasswordResetTest > reset password link screenâ€¦   
  Expected response status code [200] but received 404.
Failed asserting that 404 is identical to 200.

  at tests/Feature/Auth/PasswordResetTest.php:19
     15â–•     public function test_reset_password_link_screen_can_be_rendered(): void
     16â–•     {
     17â–•         $response = $this->get('/forgot-password');
     18â–• 
  âœ  19â–•         $response->assertStatus(200);
     20â–•     }
     21â–• 
     22â–•     public function test_reset_password_link_can_be_requested(): void
     23â–•     {

  â”€â”€â”€â”€â”€â”€â”€â”€â”€â”€â”€â”€â”€â”€â”€â”€â”€â”€â”€â”€â”€â”€â”€â”€â”€â”€â”€â”€â”€â”€â”€â”€â”€â”€â”€â”€â”€â”€â”€â”€â”€â”€â”€â”€â”€â”€â”€â”€â”€â”€â”€â”€â”€â”€â”€â”€â”€â”€â”€â”€â”€â”€â”€â”€â”€â”€â”€â”€â”€â”€â”€â”€â”€â”€â”€â”€  
   FAILED  Tests\Feature\Auth\PasswordResetTest > reset password link can beâ€¦   
  The expected [Illuminate\Auth\Notifications\ResetPassword] notification was not sent.
Failed asserting that false is true.

  at vendor/laravel/framework/src/Illuminate/Support/Testing/Fakes/NotificationFake.php:89
     85â–•         if (is_numeric($callback)) {
     86â–•             return $this->assertSentToTimes($notifiable, $notification, $callback);
     87â–•         }
     88â–• 
  âœ  89â–•         PHPUnit::assertTrue(
     90â–•             $this->sent($notifiable, $notification, $callback)->count() > 0,
     91â–•             "The expected [{$notification}] notification was not sent."
     92â–•         );
     93â–•     }

      [2m+2 vendor frames [22m
  3   tests/Feature/Auth/PasswordResetTest.php:30

  â”€â”€â”€â”€â”€â”€â”€â”€â”€â”€â”€â”€â”€â”€â”€â”€â”€â”€â”€â”€â”€â”€â”€â”€â”€â”€â”€â”€â”€â”€â”€â”€â”€â”€â”€â”€â”€â”€â”€â”€â”€â”€â”€â”€â”€â”€â”€â”€â”€â”€â”€â”€â”€â”€â”€â”€â”€â”€â”€â”€â”€â”€â”€â”€â”€â”€â”€â”€â”€â”€â”€â”€â”€â”€â”€â”€  
   FAILED  Tests\Feature\Auth\PasswordResetTest > reset password screen canâ€¦    
  The expected [Illuminate\Auth\Notifications\ResetPassword] notification was not sent.
Failed asserting that false is true.

  at vendor/laravel/framework/src/Illuminate/Support/Testing/Fakes/NotificationFake.php:89
     85â–•         if (is_numeric($callback)) {
     86â–•             return $this->assertSentToTimes($notifiable, $notification, $callback);
     87â–•         }
     88â–• 
  âœ  89â–•         PHPUnit::assertTrue(
     90â–•             $this->sent($notifiable, $notification, $callback)->count() > 0,
     91â–•             "The expected [{$notification}] notification was not sent."
     92â–•         );
     93â–•     }

      [2m+2 vendor frames [22m
  3   tests/Feature/Auth/PasswordResetTest.php:41

  â”€â”€â”€â”€â”€â”€â”€â”€â”€â”€â”€â”€â”€â”€â”€â”€â”€â”€â”€â”€â”€â”€â”€â”€â”€â”€â”€â”€â”€â”€â”€â”€â”€â”€â”€â”€â”€â”€â”€â”€â”€â”€â”€â”€â”€â”€â”€â”€â”€â”€â”€â”€â”€â”€â”€â”€â”€â”€â”€â”€â”€â”€â”€â”€â”€â”€â”€â”€â”€â”€â”€â”€â”€â”€â”€â”€  
   FAILED  Tests\Feature\Auth\PasswordResetTest > password can be reset withâ€¦   
  The expected [Illuminate\Auth\Notifications\ResetPassword] notification was not sent.
Failed asserting that false is true.

  at vendor/laravel/framework/src/Illuminate/Support/Testing/Fakes/NotificationFake.php:89
     85â–•         if (is_numeric($callback)) {
     86â–•             return $this->assertSentToTimes($notifiable, $notification, $callback);
     87â–•         }
     88â–• 
  âœ  89â–•         PHPUnit::assertTrue(
     90â–•             $this->sent($notifiable, $notification, $callback)->count() > 0,
     91â–•             "The expected [{$notification}] notification was not sent."
     92â–•         );
     93â–•     }

      [2m+2 vendor frames [22m
  3   tests/Feature/Auth/PasswordResetTest.php:58

  â”€â”€â”€â”€â”€â”€â”€â”€â”€â”€â”€â”€â”€â”€â”€â”€â”€â”€â”€â”€â”€â”€â”€â”€â”€â”€â”€â”€â”€â”€â”€â”€â”€â”€â”€â”€â”€â”€â”€â”€â”€â”€â”€â”€â”€â”€â”€â”€â”€â”€â”€â”€â”€â”€â”€â”€â”€â”€â”€â”€â”€â”€â”€â”€â”€â”€â”€â”€â”€â”€â”€â”€â”€â”€â”€â”€  
   FAILED  Tests\Feature\Auth\PasswordUpdateTest > password can be updated      
  Expected response status code [201, 301, 302, 303, 307, 308] but received 404.
Failed asserting that false is true.

  at tests/Feature/Auth/PasswordUpdateTest.php:29
     25â–•             ]);
     26â–• 
     27â–•         $response
     28â–•             ->assertSessionHasNoErrors()
  âœ  29â–•             ->assertRedirect('/profile');
     30â–• 
     31â–•         $this->assertTrue(Hash::check('new-password', $user->refresh()->password));
     32â–•     }
     33â–•

  â”€â”€â”€â”€â”€â”€â”€â”€â”€â”€â”€â”€â”€â”€â”€â”€â”€â”€â”€â”€â”€â”€â”€â”€â”€â”€â”€â”€â”€â”€â”€â”€â”€â”€â”€â”€â”€â”€â”€â”€â”€â”€â”€â”€â”€â”€â”€â”€â”€â”€â”€â”€â”€â”€â”€â”€â”€â”€â”€â”€â”€â”€â”€â”€â”€â”€â”€â”€â”€â”€â”€â”€â”€â”€â”€â”€  
   FAILED  Tests\Feature\Auth\PasswordUpdateTest > correct password must beâ€¦    
  Session is missing expected key [errors].
Failed asserting that false is true.

  at tests/Feature/Auth/PasswordUpdateTest.php:48
     44â–•                 'password_confirmation' => 'new-password',
     45â–•             ]);
     46â–• 
     47â–•         $response
  âœ  48â–•             ->assertSessionHasErrorsIn('updatePassword', 'current_password')
     49â–•             ->assertRedirect('/profile');
     50â–•     }
     51â–• }
     52â–•

  â”€â”€â”€â”€â”€â”€â”€â”€â”€â”€â”€â”€â”€â”€â”€â”€â”€â”€â”€â”€â”€â”€â”€â”€â”€â”€â”€â”€â”€â”€â”€â”€â”€â”€â”€â”€â”€â”€â”€â”€â”€â”€â”€â”€â”€â”€â”€â”€â”€â”€â”€â”€â”€â”€â”€â”€â”€â”€â”€â”€â”€â”€â”€â”€â”€â”€â”€â”€â”€â”€â”€â”€â”€â”€â”€â”€  
   FAILED  Tests\Feature\Auth\RegistrationTest > registration screen can beâ€¦    
  Expected response status code [200] but received 404.
Failed asserting that 404 is identical to 200.

  at tests/Feature/Auth/RegistrationTest.php:16
     12â–•     public function test_registration_screen_can_be_rendered(): void
     13â–•     {
     14â–•         $response = $this->get('/register');
     15â–• 
  âœ  16â–•         $response->assertStatus(200);
     17â–•     }
     18â–• 
     19â–•     public function test_new_users_can_register(): void
     20â–•     {

  â”€â”€â”€â”€â”€â”€â”€â”€â”€â”€â”€â”€â”€â”€â”€â”€â”€â”€â”€â”€â”€â”€â”€â”€â”€â”€â”€â”€â”€â”€â”€â”€â”€â”€â”€â”€â”€â”€â”€â”€â”€â”€â”€â”€â”€â”€â”€â”€â”€â”€â”€â”€â”€â”€â”€â”€â”€â”€â”€â”€â”€â”€â”€â”€â”€â”€â”€â”€â”€â”€â”€â”€â”€â”€â”€â”€  
   FAILED  Tests\Feature\Auth\RegistrationTest > new users can register         
  The user is not authenticated
Failed asserting that false is true.

  at tests/Feature/Auth/RegistrationTest.php:28
     24â–•             'password' => 'password',
     25â–•             'password_confirmation' => 'password',
     26â–•         ]);
     27â–• 
  âœ  28â–•         $this->assertAuthenticated();
     29â–•         $response->assertRedirect(route('dashboard', absolute: false));
     30â–•     }
     31â–• }
     32â–•

  â”€â”€â”€â”€â”€â”€â”€â”€â”€â”€â”€â”€â”€â”€â”€â”€â”€â”€â”€â”€â”€â”€â”€â”€â”€â”€â”€â”€â”€â”€â”€â”€â”€â”€â”€â”€â”€â”€â”€â”€â”€â”€â”€â”€â”€â”€â”€â”€â”€â”€â”€â”€â”€â”€â”€â”€â”€â”€â”€â”€â”€â”€â”€â”€â”€â”€â”€â”€â”€â”€â”€â”€â”€â”€â”€â”€  
   FAILED  Tests\Feature\ExampleTest > the applicatiâ€¦  MissingAppKeyException   
  No application encryption key has been specified.

  at vendor/laravel/framework/src/Illuminate/Encryption/EncryptionServiceProvider.php:83
     79â–•     protected function key(array $config)
     80â–•     {
     81â–•         return tap($config['key'], function ($key) {
     82â–•             if (empty($key)) {
  âœ  83â–•                 throw new MissingAppKeyException;
     84â–•             }
     85â–•         });
     86â–•     }
     87â–• }

      [2m+19 vendor frames [22m
  20  tests/Feature/ExampleTest.php:15

  â”€â”€â”€â”€â”€â”€â”€â”€â”€â”€â”€â”€â”€â”€â”€â”€â”€â”€â”€â”€â”€â”€â”€â”€â”€â”€â”€â”€â”€â”€â”€â”€â”€â”€â”€â”€â”€â”€â”€â”€â”€â”€â”€â”€â”€â”€â”€â”€â”€â”€â”€â”€â”€â”€â”€â”€â”€â”€â”€â”€â”€â”€â”€â”€â”€â”€â”€â”€â”€â”€â”€â”€â”€â”€â”€â”€  
   FAILED  Tests\Feature\GenreTest > unath denied                               
  Expected response status code [403] but received 404.
Failed asserting that 404 is identical to 403.

  at tests/Feature/GenreTest.php:35
     31â–• 
     32â–•     public function testUnathDenied() { //Icke-auktoriserad anvÃ¤ndare fÃ¥r alltsÃ¥ ej skapa ny genre
     33â–•     $response = $this->post('/api/genres', ['name' => 'RPG']);
     34â–• 
  âœ  35â–•     $response->assertStatus(403); // FÃ¶rvÃ¤ntat: fÃ¶rbjudet
     36â–•     }
     37â–• }
     38â–• 
     39â–•

  â”€â”€â”€â”€â”€â”€â”€â”€â”€â”€â”€â”€â”€â”€â”€â”€â”€â”€â”€â”€â”€â”€â”€â”€â”€â”€â”€â”€â”€â”€â”€â”€â”€â”€â”€â”€â”€â”€â”€â”€â”€â”€â”€â”€â”€â”€â”€â”€â”€â”€â”€â”€â”€â”€â”€â”€â”€â”€â”€â”€â”€â”€â”€â”€â”€â”€â”€â”€â”€â”€â”€â”€â”€â”€â”€â”€  
   FAILED  Tests\Feature\ProfileTest > profile page is displayed                
  Expected response status code [200] but received 404.
Failed asserting that 404 is identical to 200.

  at tests/Feature/ProfileTest.php:21
     17â–•         $response = $this
     18â–•             ->actingAs($user)
     19â–•             ->get('/profile');
     20â–• 
  âœ  21â–•         $response->assertOk();
     22â–•     }
     23â–• 
     24â–•     public function test_profile_information_can_be_updated(): void
     25â–•     {

  â”€â”€â”€â”€â”€â”€â”€â”€â”€â”€â”€â”€â”€â”€â”€â”€â”€â”€â”€â”€â”€â”€â”€â”€â”€â”€â”€â”€â”€â”€â”€â”€â”€â”€â”€â”€â”€â”€â”€â”€â”€â”€â”€â”€â”€â”€â”€â”€â”€â”€â”€â”€â”€â”€â”€â”€â”€â”€â”€â”€â”€â”€â”€â”€â”€â”€â”€â”€â”€â”€â”€â”€â”€â”€â”€â”€  
   FAILED  Tests\Feature\ProfileTest > profile information can be updated       
  Expected response status code [201, 301, 302, 303, 307, 308] but received 404.
Failed asserting that false is true.

  at tests/Feature/ProfileTest.php:37
     33â–•             ]);
     34â–• 
     35â–•         $response
     36â–•             ->assertSessionHasNoErrors()
  âœ  37â–•             ->assertRedirect('/profile');
     38â–• 
     39â–•         $user->refresh();
     40â–• 
     41â–•         $this->assertSame('Test User', $user->name);

  â”€â”€â”€â”€â”€â”€â”€â”€â”€â”€â”€â”€â”€â”€â”€â”€â”€â”€â”€â”€â”€â”€â”€â”€â”€â”€â”€â”€â”€â”€â”€â”€â”€â”€â”€â”€â”€â”€â”€â”€â”€â”€â”€â”€â”€â”€â”€â”€â”€â”€â”€â”€â”€â”€â”€â”€â”€â”€â”€â”€â”€â”€â”€â”€â”€â”€â”€â”€â”€â”€â”€â”€â”€â”€â”€â”€  
   FAILED  Tests\Feature\ProfileTest > email verification status is unchangeâ€¦   
  Expected response status code [201, 301, 302, 303, 307, 308] but received 404.
Failed asserting that false is true.

  at tests/Feature/ProfileTest.php:59
     55â–•             ]);
     56â–• 
     57â–•         $response
     58â–•             ->assertSessionHasNoErrors()
  âœ  59â–•             ->assertRedirect('/profile');
     60â–• 
     61â–•         $this->assertNotNull($user->refresh()->email_verified_at);
     62â–•     }
     63â–•

  â”€â”€â”€â”€â”€â”€â”€â”€â”€â”€â”€â”€â”€â”€â”€â”€â”€â”€â”€â”€â”€â”€â”€â”€â”€â”€â”€â”€â”€â”€â”€â”€â”€â”€â”€â”€â”€â”€â”€â”€â”€â”€â”€â”€â”€â”€â”€â”€â”€â”€â”€â”€â”€â”€â”€â”€â”€â”€â”€â”€â”€â”€â”€â”€â”€â”€â”€â”€â”€â”€â”€â”€â”€â”€â”€â”€  
   FAILED  Tests\Feature\ProfileTest > user can delete their account            
  Expected response status code [201, 301, 302, 303, 307, 308] but received 404.
Failed asserting that false is true.

  at tests/Feature/ProfileTest.php:76
     72â–•             ]);
     73â–• 
     74â–•         $response
     75â–•             ->assertSessionHasNoErrors()
  âœ  76â–•             ->assertRedirect('/');
     77â–• 
     78â–•         $this->assertGuest();
     79â–•         $this->assertNull($user->fresh());
     80â–•     }

  â”€â”€â”€â”€â”€â”€â”€â”€â”€â”€â”€â”€â”€â”€â”€â”€â”€â”€â”€â”€â”€â”€â”€â”€â”€â”€â”€â”€â”€â”€â”€â”€â”€â”€â”€â”€â”€â”€â”€â”€â”€â”€â”€â”€â”€â”€â”€â”€â”€â”€â”€â”€â”€â”€â”€â”€â”€â”€â”€â”€â”€â”€â”€â”€â”€â”€â”€â”€â”€â”€â”€â”€â”€â”€â”€â”€  
   FAILED  Tests\Feature\ProfileTest > correct password must be provided toâ€¦    
  Session is missing expected key [errors].
Failed asserting that false is true.

  at tests/Feature/ProfileTest.php:94
     90â–•                 'password' => 'wrong-password',
     91â–•             ]);
     92â–• 
     93â–•         $response
  âœ  94â–•             ->assertSessionHasErrorsIn('userDeletion', 'password')
     95â–•             ->assertRedirect('/profile');
     96â–• 
     97â–•         $this->assertNotNull($user->fresh());
     98â–•     }


  Tests:    24 failed, 4 passed (32 assertions)
  Duration: 0.34s

