
   FAIL  Tests\Feature\GameTest
  â¨¯ displays games                                                       0.18s  
  â¨¯ search game
  â¨¯ display genres                                                       0.08s  
  â¨¯ show genres                                                          0.01s  
  â”€â”€â”€â”€â”€â”€â”€â”€â”€â”€â”€â”€â”€â”€â”€â”€â”€â”€â”€â”€â”€â”€â”€â”€â”€â”€â”€â”€â”€â”€â”€â”€â”€â”€â”€â”€â”€â”€â”€â”€â”€â”€â”€â”€â”€â”€â”€â”€â”€â”€â”€â”€â”€â”€â”€â”€â”€â”€â”€â”€â”€â”€â”€â”€â”€â”€â”€â”€â”€â”€â”€â”€â”€â”€â”€â”€  
   FAILED  Tests\Feature\GameTest > displays games     MissingAppKeyException   
  No application encryption key has been specified.

  at vendor/laravel/framework/src/Illuminate/Encryption/EncryptionServiceProvider.php:83
     79â–•     protected function key(array $config)
     80â–•     {
     81â–•         return tap($config['key'], function ($key) {
     82â–•             if (empty($key)) {
  âžœ  83â–•                 throw new MissingAppKeyException;
     84â–•             }
     85â–•         });
     86â–•     }
     87â–• }

      [2m+19 vendor frames [22m
  20  tests/Feature/GameTest.php:19

  â”€â”€â”€â”€â”€â”€â”€â”€â”€â”€â”€â”€â”€â”€â”€â”€â”€â”€â”€â”€â”€â”€â”€â”€â”€â”€â”€â”€â”€â”€â”€â”€â”€â”€â”€â”€â”€â”€â”€â”€â”€â”€â”€â”€â”€â”€â”€â”€â”€â”€â”€â”€â”€â”€â”€â”€â”€â”€â”€â”€â”€â”€â”€â”€â”€â”€â”€â”€â”€â”€â”€â”€â”€â”€â”€â”€  
   FAILED  Tests\Feature\GameTest > search game        RouteNotFoundException   
  Route [games.search] not defined.

  at vendor/laravel/framework/src/Illuminate/Routing/UrlGenerator.php:517
    513â–•             ! is_null($url = call_user_func($this->missingNamedRouteResolver, $name, $parameters, $absolute))) {
    514â–•             return $url;
    515â–•         }
    516â–• 
  âžœ 517â–•         throw new RouteNotFoundException("Route [{$name}] not defined.");
    518â–•     }
    519â–• 
    520â–•     /**
    521â–•      * Get the URL for a given route instance.

      [2m+2 vendor frames [22m
  3   tests/Feature/GameTest.php:31

  â”€â”€â”€â”€â”€â”€â”€â”€â”€â”€â”€â”€â”€â”€â”€â”€â”€â”€â”€â”€â”€â”€â”€â”€â”€â”€â”€â”€â”€â”€â”€â”€â”€â”€â”€â”€â”€â”€â”€â”€â”€â”€â”€â”€â”€â”€â”€â”€â”€â”€â”€â”€â”€â”€â”€â”€â”€â”€â”€â”€â”€â”€â”€â”€â”€â”€â”€â”€â”€â”€â”€â”€â”€â”€â”€â”€  
   FAILED  Tests\Feature\GameTest > display genres     MissingAppKeyException   
  No application encryption key has been specified.

  at vendor/laravel/framework/src/Illuminate/Encryption/EncryptionServiceProvider.php:83
     79â–•     protected function key(array $config)
     80â–•     {
     81â–•         return tap($config['key'], function ($key) {
     82â–•             if (empty($key)) {
  âžœ  83â–•                 throw new MissingAppKeyException;
     84â–•             }
     85â–•         });
     86â–•     }
     87â–• }

      [2m+19 vendor frames [22m
  20  tests/Feature/GameTest.php:47

  â”€â”€â”€â”€â”€â”€â”€â”€â”€â”€â”€â”€â”€â”€â”€â”€â”€â”€â”€â”€â”€â”€â”€â”€â”€â”€â”€â”€â”€â”€â”€â”€â”€â”€â”€â”€â”€â”€â”€â”€â”€â”€â”€â”€â”€â”€â”€â”€â”€â”€â”€â”€â”€â”€â”€â”€â”€â”€â”€â”€â”€â”€â”€â”€â”€â”€â”€â”€â”€â”€â”€â”€â”€â”€â”€â”€  
   FAILED  Tests\Feature\GameTest > show genres        UrlGenerationException   
  Missing required parameter for [Route: genres.games] [URI: genres/{id}/games] [Missing parameter: id].

  at vendor/laravel/framework/src/Illuminate/Routing/Exceptions/UrlGenerationException.php:35
     31â–•         }
     32â–• 
     33â–•         $message .= '.';
     34â–• 
  âžœ  35â–•         return new static($message);
     36â–•     }
     37â–• }
     38â–•

      [2m+5 vendor frames [22m
  6   tests/Feature/GameTest.php:60


  Tests:    4 failed (0 assertions)
  Duration: 0.29s

