
   FAIL  Tests\Feature\ProfileTest
  â¨¯ user profile accessible                                              0.08s  
  â¨¯ user lists displayed
  â¨¯ user registration                                                    0.10s  
  â¨¯ valid email                                                          0.08s  
  â¨¯ unique email
  â¨¯ reg pass min length                                                  0.08s  
  â¨¯ reg username min length                                              0.09s  
  â¨¯ pass correct hash                                                    0.09s  
  â”€â”€â”€â”€â”€â”€â”€â”€â”€â”€â”€â”€â”€â”€â”€â”€â”€â”€â”€â”€â”€â”€â”€â”€â”€â”€â”€â”€â”€â”€â”€â”€â”€â”€â”€â”€â”€â”€â”€â”€â”€â”€â”€â”€â”€â”€â”€â”€â”€â”€â”€â”€â”€â”€â”€â”€â”€â”€â”€â”€â”€â”€â”€â”€â”€â”€â”€â”€â”€â”€â”€â”€â”€â”€â”€â”€  
   FAILED  Tests\Feature\ProfileTest > user profileâ€¦   BadMethodCallException   
  Call to undefined method App\Models\User::factory()

  at vendor/laravel/framework/src/Illuminate/Support/Traits/ForwardsCalls.php:67
     63â–•      * @throws \BadMethodCallException
     64â–•      */
     65â–•     protected static function throwBadMethodCallException($method)
     66â–•     {
  âžœ  67â–•         throw new BadMethodCallException(sprintf(
     68â–•             'Call to undefined method %s::%s()', static::class, $method
     69â–•         ));
     70â–•     }
     71â–• }

      [2m+4 vendor frames [22m
  5   tests/Feature/ProfileTest.php:20

  â”€â”€â”€â”€â”€â”€â”€â”€â”€â”€â”€â”€â”€â”€â”€â”€â”€â”€â”€â”€â”€â”€â”€â”€â”€â”€â”€â”€â”€â”€â”€â”€â”€â”€â”€â”€â”€â”€â”€â”€â”€â”€â”€â”€â”€â”€â”€â”€â”€â”€â”€â”€â”€â”€â”€â”€â”€â”€â”€â”€â”€â”€â”€â”€â”€â”€â”€â”€â”€â”€â”€â”€â”€â”€â”€â”€  
   FAILED  Tests\Feature\ProfileTest > user lists diâ€¦  BadMethodCallException   
  Call to undefined method App\Models\User::factory()

  at vendor/laravel/framework/src/Illuminate/Support/Traits/ForwardsCalls.php:67
     63â–•      * @throws \BadMethodCallException
     64â–•      */
     65â–•     protected static function throwBadMethodCallException($method)
     66â–•     {
  âžœ  67â–•         throw new BadMethodCallException(sprintf(
     68â–•             'Call to undefined method %s::%s()', static::class, $method
     69â–•         ));
     70â–•     }
     71â–• }

      [2m+4 vendor frames [22m
  5   tests/Feature/ProfileTest.php:34

  â”€â”€â”€â”€â”€â”€â”€â”€â”€â”€â”€â”€â”€â”€â”€â”€â”€â”€â”€â”€â”€â”€â”€â”€â”€â”€â”€â”€â”€â”€â”€â”€â”€â”€â”€â”€â”€â”€â”€â”€â”€â”€â”€â”€â”€â”€â”€â”€â”€â”€â”€â”€â”€â”€â”€â”€â”€â”€â”€â”€â”€â”€â”€â”€â”€â”€â”€â”€â”€â”€â”€â”€â”€â”€â”€â”€  
   FAILED  Tests\Feature\ProfileTest > user registraâ€¦  MissingAppKeyException   
  No application encryption key has been specified.

  at vendor/laravel/framework/src/Illuminate/Encryption/EncryptionServiceProvider.php:83
     79â–•     protected function key(array $config)
     80â–•     {
     81â–•         return tap($config['key'], function ($key) {
     82â–•             if (empty($key)) {
  âžœ  83â–•                 throw new MissingAppKeyException;
     84â–•             }
     85â–•         });
     86â–•     }
     87â–• }

      [2m+19 vendor frames [22m
  20  tests/Feature/ProfileTest.php:59

  â”€â”€â”€â”€â”€â”€â”€â”€â”€â”€â”€â”€â”€â”€â”€â”€â”€â”€â”€â”€â”€â”€â”€â”€â”€â”€â”€â”€â”€â”€â”€â”€â”€â”€â”€â”€â”€â”€â”€â”€â”€â”€â”€â”€â”€â”€â”€â”€â”€â”€â”€â”€â”€â”€â”€â”€â”€â”€â”€â”€â”€â”€â”€â”€â”€â”€â”€â”€â”€â”€â”€â”€â”€â”€â”€â”€  
   FAILED  Tests\Feature\ProfileTest > valid email     MissingAppKeyException   
  No application encryption key has been specified.

  at vendor/laravel/framework/src/Illuminate/Encryption/EncryptionServiceProvider.php:83
     79â–•     protected function key(array $config)
     80â–•     {
     81â–•         return tap($config['key'], function ($key) {
     82â–•             if (empty($key)) {
  âžœ  83â–•                 throw new MissingAppKeyException;
     84â–•             }
     85â–•         });
     86â–•     }
     87â–• }

      [2m+19 vendor frames [22m
  20  tests/Feature/ProfileTest.php:81

  â”€â”€â”€â”€â”€â”€â”€â”€â”€â”€â”€â”€â”€â”€â”€â”€â”€â”€â”€â”€â”€â”€â”€â”€â”€â”€â”€â”€â”€â”€â”€â”€â”€â”€â”€â”€â”€â”€â”€â”€â”€â”€â”€â”€â”€â”€â”€â”€â”€â”€â”€â”€â”€â”€â”€â”€â”€â”€â”€â”€â”€â”€â”€â”€â”€â”€â”€â”€â”€â”€â”€â”€â”€â”€â”€â”€  
   FAILED  Tests\Feature\ProfileTest > unique email    BadMethodCallException   
  Call to undefined method App\Models\User::factory()

  at vendor/laravel/framework/src/Illuminate/Support/Traits/ForwardsCalls.php:67
     63â–•      * @throws \BadMethodCallException
     64â–•      */
     65â–•     protected static function throwBadMethodCallException($method)
     66â–•     {
  âžœ  67â–•         throw new BadMethodCallException(sprintf(
     68â–•             'Call to undefined method %s::%s()', static::class, $method
     69â–•         ));
     70â–•     }
     71â–• }

      [2m+4 vendor frames [22m
  5   tests/Feature/ProfileTest.php:91

  â”€â”€â”€â”€â”€â”€â”€â”€â”€â”€â”€â”€â”€â”€â”€â”€â”€â”€â”€â”€â”€â”€â”€â”€â”€â”€â”€â”€â”€â”€â”€â”€â”€â”€â”€â”€â”€â”€â”€â”€â”€â”€â”€â”€â”€â”€â”€â”€â”€â”€â”€â”€â”€â”€â”€â”€â”€â”€â”€â”€â”€â”€â”€â”€â”€â”€â”€â”€â”€â”€â”€â”€â”€â”€â”€â”€  
   FAILED  Tests\Feature\ProfileTest > reg pass minâ€¦   MissingAppKeyException   
  No application encryption key has been specified.

  at vendor/laravel/framework/src/Illuminate/Encryption/EncryptionServiceProvider.php:83
     79â–•     protected function key(array $config)
     80â–•     {
     81â–•         return tap($config['key'], function ($key) {
     82â–•             if (empty($key)) {
  âžœ  83â–•                 throw new MissingAppKeyException;
     84â–•             }
     85â–•         });
     86â–•     }
     87â–• }

      [2m+19 vendor frames [22m
  20  tests/Feature/ProfileTest.php:115

  â”€â”€â”€â”€â”€â”€â”€â”€â”€â”€â”€â”€â”€â”€â”€â”€â”€â”€â”€â”€â”€â”€â”€â”€â”€â”€â”€â”€â”€â”€â”€â”€â”€â”€â”€â”€â”€â”€â”€â”€â”€â”€â”€â”€â”€â”€â”€â”€â”€â”€â”€â”€â”€â”€â”€â”€â”€â”€â”€â”€â”€â”€â”€â”€â”€â”€â”€â”€â”€â”€â”€â”€â”€â”€â”€â”€  
   FAILED  Tests\Feature\ProfileTest > reg usernameâ€¦   MissingAppKeyException   
  No application encryption key has been specified.

  at vendor/laravel/framework/src/Illuminate/Encryption/EncryptionServiceProvider.php:83
     79â–•     protected function key(array $config)
     80â–•     {
     81â–•         return tap($config['key'], function ($key) {
     82â–•             if (empty($key)) {
  âžœ  83â–•                 throw new MissingAppKeyException;
     84â–•             }
     85â–•         });
     86â–•     }
     87â–• }

      [2m+19 vendor frames [22m
  20  tests/Feature/ProfileTest.php:131

  â”€â”€â”€â”€â”€â”€â”€â”€â”€â”€â”€â”€â”€â”€â”€â”€â”€â”€â”€â”€â”€â”€â”€â”€â”€â”€â”€â”€â”€â”€â”€â”€â”€â”€â”€â”€â”€â”€â”€â”€â”€â”€â”€â”€â”€â”€â”€â”€â”€â”€â”€â”€â”€â”€â”€â”€â”€â”€â”€â”€â”€â”€â”€â”€â”€â”€â”€â”€â”€â”€â”€â”€â”€â”€â”€â”€  
   FAILED  Tests\Feature\ProfileTest > pass correctâ€¦   MissingAppKeyException   
  No application encryption key has been specified.

  at vendor/laravel/framework/src/Illuminate/Encryption/EncryptionServiceProvider.php:83
     79â–•     protected function key(array $config)
     80â–•     {
     81â–•         return tap($config['key'], function ($key) {
     82â–•             if (empty($key)) {
  âžœ  83â–•                 throw new MissingAppKeyException;
     84â–•             }
     85â–•         });
     86â–•     }
     87â–• }

      [2m+19 vendor frames [22m
  20  tests/Feature/ProfileTest.php:147


  Tests:    8 failed (0 assertions)
  Duration: 0.54s

