
   FAIL  Tests\Feature\ReviewTest
  â¨¯ user create review                                                   0.08s  
  â¨¯ user delete review
  â”€â”€â”€â”€â”€â”€â”€â”€â”€â”€â”€â”€â”€â”€â”€â”€â”€â”€â”€â”€â”€â”€â”€â”€â”€â”€â”€â”€â”€â”€â”€â”€â”€â”€â”€â”€â”€â”€â”€â”€â”€â”€â”€â”€â”€â”€â”€â”€â”€â”€â”€â”€â”€â”€â”€â”€â”€â”€â”€â”€â”€â”€â”€â”€â”€â”€â”€â”€â”€â”€â”€â”€â”€â”€â”€â”€  
   FAILED  Tests\Feature\ReviewTest > user create reâ€¦  BadMethodCallException   
  Call to undefined method App\Models\User::factory()

  at vendor/laravel/framework/src/Illuminate/Support/Traits/ForwardsCalls.php:67
     63â–•      * @throws \BadMethodCallException
     64â–•      */
     65â–•     protected static function throwBadMethodCallException($method)
     66â–•     {
  âžœ  67â–•         throw new BadMethodCallException(sprintf(
     68â–•             'Call to undefined method %s::%s()', static::class, $method
     69â–•         ));
     70â–•     }
     71â–• }

      [2m+4 vendor frames [22m
  5   tests/Feature/ReviewTest.php:17

  â”€â”€â”€â”€â”€â”€â”€â”€â”€â”€â”€â”€â”€â”€â”€â”€â”€â”€â”€â”€â”€â”€â”€â”€â”€â”€â”€â”€â”€â”€â”€â”€â”€â”€â”€â”€â”€â”€â”€â”€â”€â”€â”€â”€â”€â”€â”€â”€â”€â”€â”€â”€â”€â”€â”€â”€â”€â”€â”€â”€â”€â”€â”€â”€â”€â”€â”€â”€â”€â”€â”€â”€â”€â”€â”€â”€  
   FAILED  Tests\Feature\ReviewTest > user delete reâ€¦  BadMethodCallException   
  Call to undefined method App\Models\User::factory()

  at vendor/laravel/framework/src/Illuminate/Support/Traits/ForwardsCalls.php:67
     63â–•      * @throws \BadMethodCallException
     64â–•      */
     65â–•     protected static function throwBadMethodCallException($method)
     66â–•     {
  âžœ  67â–•         throw new BadMethodCallException(sprintf(
     68â–•             'Call to undefined method %s::%s()', static::class, $method
     69â–•         ));
     70â–•     }
     71â–• }

      [2m+4 vendor frames [22m
  5   tests/Feature/ReviewTest.php:32


  Tests:    2 failed (0 assertions)
  Duration: 0.11s

