
   FAIL  Tests\Feature\UserTest
  â¨¯ user create list                                                     0.08s  
  â¨¯ accessible profile
  â¨¯ user lists displayed
  â¨¯ admin dashboard access
  â¨¯ admin view index
  â¨¯ admin access create page
  â¨¯ admin store new post
  â”€â”€â”€â”€â”€â”€â”€â”€â”€â”€â”€â”€â”€â”€â”€â”€â”€â”€â”€â”€â”€â”€â”€â”€â”€â”€â”€â”€â”€â”€â”€â”€â”€â”€â”€â”€â”€â”€â”€â”€â”€â”€â”€â”€â”€â”€â”€â”€â”€â”€â”€â”€â”€â”€â”€â”€â”€â”€â”€â”€â”€â”€â”€â”€â”€â”€â”€â”€â”€â”€â”€â”€â”€â”€â”€â”€  
   FAILED  Tests\Feature\UserTest > user create list   BadMethodCallException   
  Call to undefined method App\Models\User::factory()

  at vendor/laravel/framework/src/Illuminate/Support/Traits/ForwardsCalls.php:67
     63â–•      * @throws \BadMethodCallException
     64â–•      */
     65â–•     protected static function throwBadMethodCallException($method)
     66â–•     {
  âžœ  67â–•         throw new BadMethodCallException(sprintf(
     68â–•             'Call to undefined method %s::%s()', static::class, $method
     69â–•         ));
     70â–•     }
     71â–• }

      [2m+4 vendor frames [22m
  5   tests/Feature/UserTest.php:16

  â”€â”€â”€â”€â”€â”€â”€â”€â”€â”€â”€â”€â”€â”€â”€â”€â”€â”€â”€â”€â”€â”€â”€â”€â”€â”€â”€â”€â”€â”€â”€â”€â”€â”€â”€â”€â”€â”€â”€â”€â”€â”€â”€â”€â”€â”€â”€â”€â”€â”€â”€â”€â”€â”€â”€â”€â”€â”€â”€â”€â”€â”€â”€â”€â”€â”€â”€â”€â”€â”€â”€â”€â”€â”€â”€â”€  
   FAILED  Tests\Feature\UserTest > accessible profiâ€¦  BadMethodCallException   
  Call to undefined method App\Models\User::factory()

  at vendor/laravel/framework/src/Illuminate/Support/Traits/ForwardsCalls.php:67
     63â–•      * @throws \BadMethodCallException
     64â–•      */
     65â–•     protected static function throwBadMethodCallException($method)
     66â–•     {
  âžœ  67â–•         throw new BadMethodCallException(sprintf(
     68â–•             'Call to undefined method %s::%s()', static::class, $method
     69â–•         ));
     70â–•     }
     71â–• }

      [2m+4 vendor frames [22m
  5   tests/Feature/UserTest.php:29

  â”€â”€â”€â”€â”€â”€â”€â”€â”€â”€â”€â”€â”€â”€â”€â”€â”€â”€â”€â”€â”€â”€â”€â”€â”€â”€â”€â”€â”€â”€â”€â”€â”€â”€â”€â”€â”€â”€â”€â”€â”€â”€â”€â”€â”€â”€â”€â”€â”€â”€â”€â”€â”€â”€â”€â”€â”€â”€â”€â”€â”€â”€â”€â”€â”€â”€â”€â”€â”€â”€â”€â”€â”€â”€â”€â”€  
   FAILED  Tests\Feature\UserTest > user lists displâ€¦  BadMethodCallException   
  Call to undefined method App\Models\User::factory()

  at vendor/laravel/framework/src/Illuminate/Support/Traits/ForwardsCalls.php:67
     63â–•      * @throws \BadMethodCallException
     64â–•      */
     65â–•     protected static function throwBadMethodCallException($method)
     66â–•     {
  âžœ  67â–•         throw new BadMethodCallException(sprintf(
     68â–•             'Call to undefined method %s::%s()', static::class, $method
     69â–•         ));
     70â–•     }
     71â–• }

      [2m+4 vendor frames [22m
  5   tests/Feature/UserTest.php:41

  â”€â”€â”€â”€â”€â”€â”€â”€â”€â”€â”€â”€â”€â”€â”€â”€â”€â”€â”€â”€â”€â”€â”€â”€â”€â”€â”€â”€â”€â”€â”€â”€â”€â”€â”€â”€â”€â”€â”€â”€â”€â”€â”€â”€â”€â”€â”€â”€â”€â”€â”€â”€â”€â”€â”€â”€â”€â”€â”€â”€â”€â”€â”€â”€â”€â”€â”€â”€â”€â”€â”€â”€â”€â”€â”€â”€  
   FAILED  Tests\Feature\UserTest > admin dashboardâ€¦   BadMethodCallException   
  Call to undefined method App\Models\User::factory()

  at vendor/laravel/framework/src/Illuminate/Support/Traits/ForwardsCalls.php:67
     63â–•      * @throws \BadMethodCallException
     64â–•      */
     65â–•     protected static function throwBadMethodCallException($method)
     66â–•     {
  âžœ  67â–•         throw new BadMethodCallException(sprintf(
     68â–•             'Call to undefined method %s::%s()', static::class, $method
     69â–•         ));
     70â–•     }
     71â–• }

      [2m+4 vendor frames [22m
  5   tests/Feature/UserTest.php:61

  â”€â”€â”€â”€â”€â”€â”€â”€â”€â”€â”€â”€â”€â”€â”€â”€â”€â”€â”€â”€â”€â”€â”€â”€â”€â”€â”€â”€â”€â”€â”€â”€â”€â”€â”€â”€â”€â”€â”€â”€â”€â”€â”€â”€â”€â”€â”€â”€â”€â”€â”€â”€â”€â”€â”€â”€â”€â”€â”€â”€â”€â”€â”€â”€â”€â”€â”€â”€â”€â”€â”€â”€â”€â”€â”€â”€  
   FAILED  Tests\Feature\UserTest > admin view index   BadMethodCallException   
  Call to undefined method App\Models\User::factory()

  at vendor/laravel/framework/src/Illuminate/Support/Traits/ForwardsCalls.php:67
     63â–•      * @throws \BadMethodCallException
     64â–•      */
     65â–•     protected static function throwBadMethodCallException($method)
     66â–•     {
  âžœ  67â–•         throw new BadMethodCallException(sprintf(
     68â–•             'Call to undefined method %s::%s()', static::class, $method
     69â–•         ));
     70â–•     }
     71â–• }

      [2m+4 vendor frames [22m
  5   tests/Feature/UserTest.php:74

  â”€â”€â”€â”€â”€â”€â”€â”€â”€â”€â”€â”€â”€â”€â”€â”€â”€â”€â”€â”€â”€â”€â”€â”€â”€â”€â”€â”€â”€â”€â”€â”€â”€â”€â”€â”€â”€â”€â”€â”€â”€â”€â”€â”€â”€â”€â”€â”€â”€â”€â”€â”€â”€â”€â”€â”€â”€â”€â”€â”€â”€â”€â”€â”€â”€â”€â”€â”€â”€â”€â”€â”€â”€â”€â”€â”€  
   FAILED  Tests\Feature\UserTest > admin access creâ€¦  BadMethodCallException   
  Call to undefined method App\Models\User::factory()

  at vendor/laravel/framework/src/Illuminate/Support/Traits/ForwardsCalls.php:67
     63â–•      * @throws \BadMethodCallException
     64â–•      */
     65â–•     protected static function throwBadMethodCallException($method)
     66â–•     {
  âžœ  67â–•         throw new BadMethodCallException(sprintf(
     68â–•             'Call to undefined method %s::%s()', static::class, $method
     69â–•         ));
     70â–•     }
     71â–• }

      [2m+4 vendor frames [22m
  5   tests/Feature/UserTest.php:87

  â”€â”€â”€â”€â”€â”€â”€â”€â”€â”€â”€â”€â”€â”€â”€â”€â”€â”€â”€â”€â”€â”€â”€â”€â”€â”€â”€â”€â”€â”€â”€â”€â”€â”€â”€â”€â”€â”€â”€â”€â”€â”€â”€â”€â”€â”€â”€â”€â”€â”€â”€â”€â”€â”€â”€â”€â”€â”€â”€â”€â”€â”€â”€â”€â”€â”€â”€â”€â”€â”€â”€â”€â”€â”€â”€â”€  
   FAILED  Tests\Feature\UserTest > admin store newâ€¦   BadMethodCallException   
  Call to undefined method App\Models\User::factory()

  at vendor/laravel/framework/src/Illuminate/Support/Traits/ForwardsCalls.php:67
     63â–•      * @throws \BadMethodCallException
     64â–•      */
     65â–•     protected static function throwBadMethodCallException($method)
     66â–•     {
  âžœ  67â–•         throw new BadMethodCallException(sprintf(
     68â–•             'Call to undefined method %s::%s()', static::class, $method
     69â–•         ));
     70â–•     }
     71â–• }

      [2m+4 vendor frames [22m
  5   tests/Feature/UserTest.php:100


  Tests:    7 failed (0 assertions)
  Duration: 0.13s

